[1003/142520.456:ERROR:process_memory_win.cc(73)] ReadMemory at 0x7ff69ed90000 of 64 bytes failed: Only part of a ReadProcessMemory or WriteProcessMemory request was completed. (0x12B)
[1003/142520.461:WARNING:pe_image_reader.cc(340)] could not read dos header from C:\Program Files (x86)\Google\Chrome\Application\chrome.exe
[1003/142520.462:ERROR:process_memory_win.cc(73)] ReadMemory at 0x7ffcf4780000 of 64 bytes failed: Only part of a ReadProcessMemory or WriteProcessMemory request was completed. (0x12B)
[1003/142520.462:WARNING:pe_image_reader.cc(340)] could not read dos header from C:\windows\SYSTEM32\ntdll.dll
[1003/142520.462:ERROR:process_memory_win.cc(73)] ReadMemory at 0x7ffcf28f0000 of 64 bytes failed: Only part of a ReadProcessMemory or WriteProcessMemory request was completed. (0x12B)
[1003/142520.462:WARNING:pe_image_reader.cc(340)] could not read dos header from C:\windows\System32\KERNEL32.DLL
[1003/142520.462:ERROR:process_memory_win.cc(73)] ReadMemory at 0x7ffcf13b0000 of 64 bytes failed: Only part of a ReadProcessMemory or WriteProcessMemory request was completed. (0x12B)
[1003/142520.462:WARNING:pe_image_reader.cc(340)] could not read dos header from C:\windows\System32\KERNELBASE.dll
[1003/142520.462:ERROR:process_memory_win.cc(73)] ReadMemory at 0x67430000 of 64 bytes failed: Only part of a ReadProcessMemory or WriteProcessMemory request was completed. (0x12B)
[1003/142520.462:WARNING:pe_image_reader.cc(340)] could not read dos header from C:\windows\System32\SYSFER.DLL
[1003/142520.462:ERROR:process_memory_win.cc(73)] ReadMemory at 0x7ffcf2bd0000 of 64 bytes failed: Only part of a ReadProcessMemory or WriteProcessMemory request was completed. (0x12B)
[1003/142520.462:WARNING:pe_image_reader.cc(340)] could not read dos header from C:\windows\System32\ADVAPI32.dll
[1003/142520.462:ERROR:process_memory_win.cc(73)] ReadMemory at 0x7ffcf2c80000 of 64 bytes failed: Only part of a ReadProcessMemory or WriteProcessMemory request was completed. (0x12B)
[1003/142520.463:WARNING:pe_image_reader.cc(340)] could not read dos header from C:\windows\System32\msvcrt.dll
[1003/142520.463:ERROR:process_memory_win.cc(73)] ReadMemory at 0x7ffcf4330000 of 64 bytes failed: Only part of a ReadProcessMemory or WriteProcessMemory request was completed. (0x12B)
[1003/142520.463:WARNING:pe_image_reader.cc(340)] could not read dos header from C:\windows\System32\sechost.dll
[1003/142520.463:ERROR:process_memory_win.cc(73)] ReadMemory at 0x7ffcf2340000 of 64 bytes failed: Only part of a ReadProcessMemory or WriteProcessMemory request was completed. (0x12B)
[1003/142520.463:WARNING:pe_image_reader.cc(340)] could not read dos header from C:\windows\System32\RPCRT4.dll
[1003/142520.463:ERROR:process_memory_win.cc(73)] ReadMemory at 0x7ffcdba90000 of 64 bytes failed: Only part of a ReadProcessMemory or WriteProcessMemory request was completed. (0x12B)
[1003/142520.463:WARNING:pe_image_reader.cc(340)] could not read dos header from C:\Program Files (x86)\Google\Chrome\Application\76.0.3809.100\chrome_elf.dll
[1003/142520.463:ERROR:process_memory_win.cc(73)] ReadMemory at 0x7ffce45d0000 of 64 bytes failed: Only part of a ReadProcessMemory or WriteProcessMemory request was completed. (0x12B)
[1003/142520.463:WARNING:pe_image_reader.cc(340)] could not read dos header from C:\windows\SYSTEM32\VERSION.dll
[1003/142520.463:ERROR:process_memory_win.cc(73)] ReadMemory at 0x7ffcf44d0000 of 64 bytes failed: Only part of a ReadProcessMemory or WriteProcessMemory request was completed. (0x12B)
[1003/142520.463:WARNING:pe_image_reader.cc(340)] could not read dos header from C:\windows\System32\psapi.dll
[1003/142520.463:ERROR:process_memory_win.cc(73)] ReadMemory at 0x7ffcf1810000 of 64 bytes failed: Only part of a ReadProcessMemory or WriteProcessMemory request was completed. (0x12B)
[1003/142520.463:WARNING:pe_image_reader.cc(340)] could not read dos header from C:\windows\System32\bcryptPrimitives.dll
[1003/142520.463:ERROR:process_memory_win.cc(73)] ReadMemory at 0x7ffcf2750000 of 64 bytes failed: Only part of a ReadProcessMemory or WriteProcessMemory request was completed. (0x12B)
[1003/142520.463:WARNING:pe_image_reader.cc(340)] could not read dos header from C:\windows\System32\user32.dll
[1003/142520.463:ERROR:process_memory_win.cc(73)] ReadMemory at 0x7ffcf17f0000 of 64 bytes failed: Only part of a ReadProcessMemory or WriteProcessMemory request was completed. (0x12B)
[1003/142520.463:WARNING:pe_image_reader.cc(340)] could not read dos header from C:\windows\System32\win32u.dll
[1003/142520.464:ERROR:process_memory_win.cc(73)] ReadMemory at 0x7ffcf4720000 of 64 bytes failed: Only part of a ReadProcessMemory or WriteProcessMemory request was completed. (0x12B)
[1003/142520.464:WARNING:pe_image_reader.cc(340)] could not read dos header from C:\windows\System32\GDI32.dll
[1003/142520.464:ERROR:process_memory_win.cc(73)] ReadMemory at 0x7ffcf1650000 of 64 bytes failed: Only part of a ReadProcessMemory or WriteProcessMemory request was completed. (0x12B)
[1003/142520.464:WARNING:pe_image_reader.cc(340)] could not read dos header from C:\windows\System32\gdi32full.dll
[1003/142520.464:ERROR:process_memory_win.cc(73)] ReadMemory at 0x7ffcf18c0000 of 64 bytes failed: Only part of a ReadProcessMemory or WriteProcessMemory request was completed. (0x12B)
[1003/142520.464:WARNING:pe_image_reader.cc(340)] could not read dos header from C:\windows\System32\msvcp_win.dll
[1003/142520.464:ERROR:process_memory_win.cc(73)] ReadMemory at 0x7ffcf0850000 of 64 bytes failed: Only part of a ReadProcessMemory or WriteProcessMemory request was completed. (0x12B)
[1003/142520.464:WARNING:pe_image_reader.cc(340)] could not read dos header from C:\windows\System32\ucrtbase.dll
[1003/142520.464:ERROR:process_memory_win.cc(73)] ReadMemory at 0x7ffcf2d20000 of 64 bytes failed: Only part of a ReadProcessMemory or WriteProcessMemory request was completed. (0x12B)
[1003/142520.464:WARNING:pe_image_reader.cc(340)] could not read dos header from C:\windows\System32\IMM32.DLL
[1003/142520.464:ERROR:process_memory_win.cc(73)] ReadMemory at 0x7ff69ed90000 of 64 bytes failed: Only part of a ReadProcessMemory or WriteProcessMemory request was completed. (0x12B)
[1003/142520.464:WARNING:pe_image_reader.cc(340)] could not read dos header from C:\Program Files (x86)\Google\Chrome\Application\chrome.exe
[1003/142520.464:ERROR:process_memory_win.cc(73)] ReadMemory at 0x7ffcf4780000 of 64 bytes failed: Only part of a ReadProcessMemory or WriteProcessMemory request was completed. (0x12B)
[1003/142520.464:WARNING:pe_image_reader.cc(340)] could not read dos header from C:\windows\SYSTEM32\ntdll.dll
[1003/142520.464:ERROR:process_memory_win.cc(73)] ReadMemory at 0x7ffcf28f0000 of 64 bytes failed: Only part of a ReadProcessMemory or WriteProcessMemory request was completed. (0x12B)
[1003/142520.464:WARNING:pe_image_reader.cc(340)] could not read dos header from C:\windows\System32\KERNEL32.DLL
[1003/142520.464:ERROR:process_memory_win.cc(73)] ReadMemory at 0x7ffcf13b0000 of 64 bytes failed: Only part of a ReadProcessMemory or WriteProcessMemory request was completed. (0x12B)
[1003/142520.464:WARNING:pe_image_reader.cc(340)] could not read dos header from C:\windows\System32\KERNELBASE.dll
[1003/142520.465:ERROR:process_memory_win.cc(73)] ReadMemory at 0x67430000 of 64 bytes failed: Only part of a ReadProcessMemory or WriteProcessMemory request was completed. (0x12B)
[1003/142520.465:WARNING:pe_image_reader.cc(340)] could not read dos header from C:\windows\System32\SYSFER.DLL
[1003/142520.465:ERROR:process_memory_win.cc(73)] ReadMemory at 0x7ffcf2bd0000 of 64 bytes failed: Only part of a ReadProcessMemory or WriteProcessMemory request was completed. (0x12B)
[1003/142520.465:WARNING:pe_image_reader.cc(340)] could not read dos header from C:\windows\System32\ADVAPI32.dll
[1003/142520.465:ERROR:process_memory_win.cc(73)] ReadMemory at 0x7ffcf2c80000 of 64 bytes failed: Only part of a ReadProcessMemory or WriteProcessMemory request was completed. (0x12B)
[1003/142520.465:WARNING:pe_image_reader.cc(340)] could not read dos header from C:\windows\System32\msvcrt.dll
[1003/142520.465:ERROR:process_memory_win.cc(73)] ReadMemory at 0x7ffcf4330000 of 64 bytes failed: Only part of a ReadProcessMemory or WriteProcessMemory request was completed. (0x12B)
[1003/142520.465:WARNING:pe_image_reader.cc(340)] could not read dos header from C:\windows\System32\sechost.dll
[1003/142520.465:ERROR:process_memory_win.cc(73)] ReadMemory at 0x7ffcf2340000 of 64 bytes failed: Only part of a ReadProcessMemory or WriteProcessMemory request was completed. (0x12B)
[1003/142520.465:WARNING:pe_image_reader.cc(340)] could not read dos header from C:\windows\System32\RPCRT4.dll
[1003/142520.465:ERROR:process_memory_win.cc(73)] ReadMemory at 0x7ffcdba90000 of 64 bytes failed: Only part of a ReadProcessMemory or WriteProcessMemory request was completed. (0x12B)
[1003/142520.465:WARNING:pe_image_reader.cc(340)] could not read dos header from C:\Program Files (x86)\Google\Chrome\Application\76.0.3809.100\chrome_elf.dll
[1003/142520.465:ERROR:process_memory_win.cc(73)] ReadMemory at 0x7ffce45d0000 of 64 bytes failed: Only part of a ReadProcessMemory or WriteProcessMemory request was completed. (0x12B)
[1003/142520.465:WARNING:pe_image_reader.cc(340)] could not read dos header from C:\windows\SYSTEM32\VERSION.dll
[1003/142520.465:ERROR:process_memory_win.cc(73)] ReadMemory at 0x7ffcf44d0000 of 64 bytes failed: Only part of a ReadProcessMemory or WriteProcessMemory request was completed. (0x12B)
[1003/142520.465:WARNING:pe_image_reader.cc(340)] could not read dos header from C:\windows\System32\psapi.dll
[1003/142520.466:ERROR:process_memory_win.cc(73)] ReadMemory at 0x7ffcf1810000 of 64 bytes failed: Only part of a ReadProcessMemory or WriteProcessMemory request was completed. (0x12B)
[1003/142520.466:WARNING:pe_image_reader.cc(340)] could not read dos header from C:\windows\System32\bcryptPrimitives.dll
[1003/142520.466:ERROR:process_memory_win.cc(73)] ReadMemory at 0x7ffcf2750000 of 64 bytes failed: Only part of a ReadProcessMemory or WriteProcessMemory request was completed. (0x12B)
[1003/142520.466:WARNING:pe_image_reader.cc(340)] could not read dos header from C:\windows\System32\user32.dll
[1003/142520.466:ERROR:process_memory_win.cc(73)] ReadMemory at 0x7ffcf17f0000 of 64 bytes failed: Only part of a ReadProcessMemory or WriteProcessMemory request was completed. (0x12B)
[1003/142520.466:WARNING:pe_image_reader.cc(340)] could not read dos header from C:\windows\System32\win32u.dll
[1003/142520.466:ERROR:process_memory_win.cc(73)] ReadMemory at 0x7ffcf4720000 of 64 bytes failed: Only part of a ReadProcessMemory or WriteProcessMemory request was completed. (0x12B)
[1003/142520.466:WARNING:pe_image_reader.cc(340)] could not read dos header from C:\windows\System32\GDI32.dll
[1003/142520.466:ERROR:process_memory_win.cc(73)] ReadMemory at 0x7ffcf1650000 of 64 bytes failed: Only part of a ReadProcessMemory or WriteProcessMemory request was completed. (0x12B)
[1003/142520.466:WARNING:pe_image_reader.cc(340)] could not read dos header from C:\windows\System32\gdi32full.dll
[1003/142520.466:ERROR:process_memory_win.cc(73)] ReadMemory at 0x7ffcf18c0000 of 64 bytes failed: Only part of a ReadProcessMemory or WriteProcessMemory request was completed. (0x12B)
[1003/142520.466:WARNING:pe_image_reader.cc(340)] could not read dos header from C:\windows\System32\msvcp_win.dll
[1003/142520.466:ERROR:process_memory_win.cc(73)] ReadMemory at 0x7ffcf0850000 of 64 bytes failed: Only part of a ReadProcessMemory or WriteProcessMemory request was completed. (0x12B)
[1003/142520.466:WARNING:pe_image_reader.cc(340)] could not read dos header from C:\windows\System32\ucrtbase.dll
[1003/142520.466:ERROR:process_memory_win.cc(73)] ReadMemory at 0x7ffcf2d20000 of 64 bytes failed: Only part of a ReadProcessMemory or WriteProcessMemory request was completed. (0x12B)
[1003/142520.466:WARNING:pe_image_reader.cc(340)] could not read dos header from C:\windows\System32\IMM32.DLL
[1003/142520.472:ERROR:process_memory_win.cc(73)] ReadMemory at 0x156d1fa000 of 24576 bytes failed: Only part of a ReadProcessMemory or WriteProcessMemory request was completed. (0x12B)
[1003/142520.472:ERROR:process_memory_win.cc(73)] ReadMemory at 0x156ce87000 of 852 bytes failed: Only part of a ReadProcessMemory or WriteProcessMemory request was completed. (0x12B)
[1003/142520.472:ERROR:process_memory_win.cc(73)] ReadMemory at 0x156ce88000 of 6024 bytes failed: Only part of a ReadProcessMemory or WriteProcessMemory request was completed. (0x12B)
[1003/142520.472:ERROR:process_memory_win.cc(73)] ReadMemory at 0x12af0350fe0 of 5636 bytes failed: Only part of a ReadProcessMemory or WriteProcessMemory request was completed. (0x12B)
[1003/142520.472:ERROR:process_memory_win.cc(73)] ReadMemory at 0x12af03525f0 of 1012 bytes failed: Only part of a ReadProcessMemory or WriteProcessMemory request was completed. (0x12B)
[1003/142520.472:ERROR:process_memory_win.cc(73)] ReadMemory at 0x12af0352c18 of 118 bytes failed: Only part of a ReadProcessMemory or WriteProcessMemory request was completed. (0x12B)
[1003/142520.473:ERROR:process_memory_win.cc(73)] ReadMemory at 0x12af0352c90 of 1038 bytes failed: Only part of a ReadProcessMemory or WriteProcessMemory request was completed. (0x12B)
[1003/142520.473:ERROR:process_memory_win.cc(73)] ReadMemory at 0x12af03530a0 of 118 bytes failed: Only part of a ReadProcessMemory or WriteProcessMemory request was completed. (0x12B)
[1003/142520.473:ERROR:process_memory_win.cc(73)] ReadMemory at 0x12af0353118 of 100 bytes failed: Only part of a ReadProcessMemory or WriteProcessMemory request was completed. (0x12B)
[1003/142520.473:ERROR:process_memory_win.cc(73)] ReadMemory at 0x12af0353190 of 58 bytes failed: Only part of a ReadProcessMemory or WriteProcessMemory request was completed. (0x12B)
[1003/142520.473:ERROR:process_memory_win.cc(73)] ReadMemory at 0x12af0353290 of 132 bytes failed: Only part of a ReadProcessMemory or WriteProcessMemory request was completed. (0x12B)
[1003/142520.473:ERROR:process_memory_win.cc(73)] ReadMemory at 0x12af0353420 of 132 bytes failed: Only part of a ReadProcessMemory or WriteProcessMemory request was completed. (0x12B)
[1003/142520.473:ERROR:process_memory_win.cc(73)] ReadMemory at 0x12af03535e0 of 126 bytes failed: Only part of a ReadProcessMemory or WriteProcessMemory request was completed. (0x12B)
[1003/142520.473:ERROR:process_memory_win.cc(73)] ReadMemory at 0x12af03539c0 of 132 bytes failed: Only part of a ReadProcessMemory or WriteProcessMemory request was completed. (0x12B)
[1003/142520.473:ERROR:process_memory_win.cc(73)] ReadMemory at 0x12af0353b50 of 64 bytes failed: Only part of a ReadProcessMemory or WriteProcessMemory request was completed. (0x12B)
[1003/142520.474:ERROR:process_memory_win.cc(73)] ReadMemory at 0x12af0353cb0 of 132 bytes failed: Only part of a ReadProcessMemory or WriteProcessMemory request was completed. (0x12B)
[1003/142520.474:ERROR:process_memory_win.cc(73)] ReadMemory at 0x12af0353e40 of 60 bytes failed: Only part of a ReadProcessMemory or WriteProcessMemory request was completed. (0x12B)
[1003/142520.474:ERROR:process_memory_win.cc(73)] ReadMemory at 0x12af0353fb0 of 132 bytes failed: Only part of a ReadProcessMemory or WriteProcessMemory request was completed. (0x12B)
[1003/142520.474:ERROR:process_memory_win.cc(73)] ReadMemory at 0x12af0354140 of 68 bytes failed: Only part of a ReadProcessMemory or WriteProcessMemory request was completed. (0x12B)
[1003/142520.474:ERROR:process_memory_win.cc(73)] ReadMemory at 0x12af03550a0 of 132 bytes failed: Only part of a ReadProcessMemory or WriteProcessMemory request was completed. (0x12B)
[1003/142520.474:ERROR:process_memory_win.cc(73)] ReadMemory at 0x12af03551d0 of 64 bytes failed: Only part of a ReadProcessMemory or WriteProcessMemory request was completed. (0x12B)
[1003/142520.474:ERROR:process_memory_win.cc(73)] ReadMemory at 0x12af0355440 of 132 bytes failed: Only part of a ReadProcessMemory or WriteProcessMemory request was completed. (0x12B)
[1003/142520.474:ERROR:process_memory_win.cc(73)] ReadMemory at 0x12af03555d0 of 60 bytes failed: Only part of a ReadProcessMemory or WriteProcessMemory request was completed. (0x12B)
[1003/142520.474:ERROR:process_memory_win.cc(73)] ReadMemory at 0x12af0355820 of 132 bytes failed: Only part of a ReadProcessMemory or WriteProcessMemory request was completed. (0x12B)
[1003/142520.475:ERROR:process_memory_win.cc(73)] ReadMemory at 0x12af03559b0 of 62 bytes failed: Only part of a ReadProcessMemory or WriteProcessMemory request was completed. (0x12B)
[1003/142520.475:ERROR:process_memory_win.cc(73)] ReadMemory at 0x12af0355c10 of 132 bytes failed: Only part of a ReadProcessMemory or WriteProcessMemory request was completed. (0x12B)
[1003/142520.475:ERROR:process_memory_win.cc(73)] ReadMemory at 0x12af0355da0 of 60 bytes failed: Only part of a ReadProcessMemory or WriteProcessMemory request was completed. (0x12B)
[1003/142520.475:ERROR:process_memory_win.cc(73)] ReadMemory at 0x12af03561f0 of 132 bytes failed: Only part of a ReadProcessMemory or WriteProcessMemory request was completed. (0x12B)
[1003/142520.475:ERROR:process_memory_win.cc(73)] ReadMemory at 0x12af0356430 of 132 bytes failed: Only part of a ReadProcessMemory or WriteProcessMemory request was completed. (0x12B)
[1003/142520.475:ERROR:process_memory_win.cc(73)] ReadMemory at 0x12af0356630 of 154 bytes failed: Only part of a ReadProcessMemory or WriteProcessMemory request was completed. (0x12B)
[1003/142520.475:ERROR:process_memory_win.cc(73)] ReadMemory at 0x12af03574b0 of 62 bytes failed: Only part of a ReadProcessMemory or WriteProcessMemory request was completed. (0x12B)
[1003/142520.475:ERROR:process_memory_win.cc(73)] ReadMemory at 0x12af035aeb0 of 58 bytes failed: Only part of a ReadProcessMemory or WriteProcessMemory request was completed. (0x12B)
[1003/142520.475:ERROR:process_memory_win.cc(73)] ReadMemory at 0x12af0362fe0 of 132 bytes failed: Only part of a ReadProcessMemory or WriteProcessMemory request was completed. (0x12B)
[1003/142520.476:ERROR:process_memory_win.cc(73)] ReadMemory at 0x12af03632b0 of 132 bytes failed: Only part of a ReadProcessMemory or WriteProcessMemory request was completed. (0x12B)
[1003/142520.476:ERROR:process_memory_win.cc(73)] ReadMemory at 0x12af03634b0 of 132 bytes failed: Only part of a ReadProcessMemory or WriteProcessMemory request was completed. (0x12B)
[1003/142520.476:ERROR:process_memory_win.cc(73)] ReadMemory at 0x12af0363600 of 132 bytes failed: Only part of a ReadProcessMemory or WriteProcessMemory request was completed. (0x12B)
[1003/142520.476:ERROR:process_memory_win.cc(73)] ReadMemory at 0x12af0363890 of 132 bytes failed: Only part of a ReadProcessMemory or WriteProcessMemory request was completed. (0x12B)
[1003/142520.476:ERROR:process_memory_win.cc(73)] ReadMemory at 0x12af03739b0 of 66 bytes failed: Only part of a ReadProcessMemory or WriteProcessMemory request was completed. (0x12B)
[1003/142520.476:ERROR:process_memory_win.cc(73)] ReadMemory at 0x12af0373b90 of 60 bytes failed: Only part of a ReadProcessMemory or WriteProcessMemory request was completed. (0x12B)
[1003/142520.476:ERROR:process_memory_win.cc(73)] ReadMemory at 0x12af03743b0 of 64 bytes failed: Only part of a ReadProcessMemory or WriteProcessMemory request was completed. (0x12B)
[1003/142520.476:ERROR:process_memory_win.cc(73)] ReadMemory at 0x12af0374450 of 60 bytes failed: Only part of a ReadProcessMemory or WriteProcessMemory request was completed. (0x12B)
[1003/142520.477:ERROR:process_memory_win.cc(73)] ReadMemory at 0x12af0374630 of 58 bytes failed: Only part of a ReadProcessMemory or WriteProcessMemory request was completed. (0x12B)
[1003/142520.477:ERROR:process_memory_win.cc(73)] ReadMemory at 0x12af0374770 of 66 bytes failed: Only part of a ReadProcessMemory or WriteProcessMemory request was completed. (0x12B)
[1003/142520.477:ERROR:process_memory_win.cc(73)] ReadMemory at 0x12af0376890 of 80 bytes failed: Only part of a ReadProcessMemory or WriteProcessMemory request was completed. (0x12B)
[1003/142520.477:ERROR:process_memory_win.cc(73)] ReadMemory at 0x12af0378800 of 132 bytes failed: Only part of a ReadProcessMemory or WriteProcessMemory request was completed. (0x12B)
[1003/142520.477:ERROR:process_memory_win.cc(73)] ReadMemory at 0x12af037b3e0 of 132 bytes failed: Only part of a ReadProcessMemory or WriteProcessMemory request was completed. (0x12B)
[1003/142520.477:ERROR:process_memory_win.cc(73)] ReadMemory at 0x12af037b510 of 132 bytes failed: Only part of a ReadProcessMemory or WriteProcessMemory request was completed. (0x12B)
[1003/142520.477:ERROR:process_memory_win.cc(73)] ReadMemory at 0x7ff69ed90000 of 384 bytes failed: Only part of a ReadProcessMemory or WriteProcessMemory request was completed. (0x12B)
[1003/142520.477:ERROR:process_memory_win.cc(73)] ReadMemory at 0x7ff69eecacd0 of 512 bytes failed: Only part of a ReadProcessMemory or WriteProcessMemory request was completed. (0x12B)
[1003/142520.477:ERROR:process_memory_win.cc(73)] ReadMemory at 0x7ff69eeda418 of 512 bytes failed: Only part of a ReadProcessMemory or WriteProcessMemory request was completed. (0x12B)
[1003/142520.478:ERROR:process_memory_win.cc(73)] ReadMemory at 0x7ff69eeda680 of 512 bytes failed: Only part of a ReadProcessMemory or WriteProcessMemory request was completed. (0x12B)
[1003/142520.478:ERROR:process_memory_win.cc(73)] ReadMemory at 0x7ffcf13e90a9 of 512 bytes failed: Only part of a ReadProcessMemory or WriteProcessMemory request was completed. (0x12B)
[1003/142520.478:ERROR:process_memory_win.cc(73)] ReadMemory at 0x7ffcf47ca4ec of 512 bytes failed: Only part of a ReadProcessMemory or WriteProcessMemory request was completed. (0x12B)
[1003/142520.478:ERROR:process_memory_win.cc(73)] ReadMemory at 0x7ffcf481fd64 of 512 bytes failed: Only part of a ReadProcessMemory or WriteProcessMemory request was completed. (0x12B)
[1003/142520.478:ERROR:process_memory_win.cc(73)] ReadMemory at 0x7ffcf48ac0c8 of 18 bytes failed: Only part of a ReadProcessMemory or WriteProcessMemory request was completed. (0x12B)
[1003/142520.478:ERROR:process_memory_win.cc(73)] ReadMemory at 0x7ffcf48df4f8 of 40 bytes failed: Only part of a ReadProcessMemory or WriteProcessMemory request was completed. (0x12B)
[1003/142520.478:ERROR:process_memory_win.cc(73)] ReadMemory at 0x7ffcf48df978 of 48 bytes failed: Only part of a ReadProcessMemory or WriteProcessMemory request was completed. (0x12B)
[1003/142520.478:ERROR:process_memory_win.cc(73)] ReadMemory at 0x7ffcf48e53a0 of 64 bytes failed: Only part of a ReadProcessMemory or WriteProcessMemory request was completed. (0x12B)
[1003/142520.480:ERROR:scoped_process_suspend.cc(40)] NtResumeProcess: An attempt was made to access an exiting process. (0xc000010a)
